#
# There is insufficient memory for the Java Runtime Environment to continue.
# Native memory allocation (malloc) failed to allocate 1595056 bytes. Error detail: Chunk::new
# Possible reasons:
#   The system is out of physical RAM or swap space
#   This process is running with CompressedOops enabled, and the Java Heap may be blocking the growth of the native heap
# Possible solutions:
#   Reduce memory load on the system
#   Increase physical memory or swap space
#   Check if swap backing store is full
#   Decrease Java heap size (-Xmx/-Xms)
#   Decrease number of Java threads
#   Decrease Java thread stack sizes (-Xss)
#   Set larger code cache with -XX:ReservedCodeCacheSize=
#   JVM is running with Unscaled Compressed Oops mode in which the Java heap is
#     placed in the first 4GB address space. The Java Heap base address is the
#     maximum limit for the native heap growth. Please use -XX:HeapBaseMinAddress
#     to set the Java Heap base and to place the Java Heap above 4GB virtual address.
# This output file may be truncated or incomplete.
#
#  Out of Memory Error (arena.cpp:168), pid=16600, tid=17348
#
# JRE version: OpenJDK Runtime Environment (21.0.3) (build 21.0.3+-12282718-b509.11)
# Java VM: OpenJDK 64-Bit Server VM (21.0.3+-12282718-b509.11, mixed mode, tiered, compressed oops, compressed class ptrs, g1 gc, windows-amd64)
# No core dump will be written. Minidumps are not enabled by default on client versions of Windows
#

---------------  S U M M A R Y ------------

Command Line: --add-opens=java.base/java.util=ALL-UNNAMED --add-opens=java.base/java.lang=ALL-UNNAMED --add-opens=java.base/java.lang.invoke=ALL-UNNAMED --add-opens=java.prefs/java.util.prefs=ALL-UNNAMED --add-exports=jdk.compiler/com.sun.tools.javac.api=ALL-UNNAMED --add-exports=jdk.compiler/com.sun.tools.javac.util=ALL-UNNAMED --add-opens=java.base/java.nio.charset=ALL-UNNAMED --add-opens=java.base/java.net=ALL-UNNAMED --add-opens=java.base/java.util.concurrent.atomic=ALL-UNNAMED -Xmx2048m -Dfile.encoding=UTF-8 -Duser.country=IN -Duser.language=en -Duser.variant -javaagent:C:\Users\DELL\.gradle\wrapper\dists\gradle-8.9-bin\90cnw93cvbtalezasaz0blq0a\gradle-8.9\lib\agents\gradle-instrumentation-agent-8.9.jar org.gradle.launcher.daemon.bootstrap.GradleDaemon 8.9

Host: Intel(R) Core(TM) i3-7020U CPU @ 2.30GHz, 4 cores, 3G,  Windows 10 , 64 bit Build 19041 (10.0.19041.5072)
Time: Sat Nov 16 11:53:57 2024 India Standard Time elapsed time: 22.229452 seconds (0d 0h 0m 22s)

---------------  T H R E A D  ---------------

Current thread (0x000002aac1379310):  JavaThread "C2 CompilerThread0" daemon [_thread_in_native, id=17348, stack(0x000000c8edd00000,0x000000c8ede00000) (1024K)]


Current CompileTask:
C2:  22229 5022       4       java.lang.invoke.MethodType::makeImpl (109 bytes)

Stack: [0x000000c8edd00000,0x000000c8ede00000]
Native frames: (J=compiled Java code, j=interpreted, Vv=VM code, C=native code)
V  [jvm.dll+0x6cafb9]
V  [jvm.dll+0x858523]
V  [jvm.dll+0x85aa7e]
V  [jvm.dll+0x85b163]
V  [jvm.dll+0x27d356]
V  [jvm.dll+0xbf93d]
V  [jvm.dll+0xbfe73]
V  [jvm.dll+0x3b1cb1]
V  [jvm.dll+0x37e787]
V  [jvm.dll+0x37dbfa]
V  [jvm.dll+0x246b02]
V  [jvm.dll+0x2460d1]
V  [jvm.dll+0x1c5804]
V  [jvm.dll+0x25575c]
V  [jvm.dll+0x253c36]
V  [jvm.dll+0x3ec996]
V  [jvm.dll+0x800d78]
V  [jvm.dll+0x6c98cd]
C  [ucrtbase.dll+0x21bb2]
C  [KERNEL32.DLL+0x17374]
C  [ntdll.dll+0x4cc91]


---------------  P R O C E S S  ---------------

Threads class SMR info:
_java_thread_list=0x000002aac7a24280, length=40, elements={
0x000002aaa8212750, 0x000002aac136f550, 0x000002aac1350180, 0x000002aac1354fa0,
0x000002aac1355a00, 0x000002aac1356460, 0x000002aac1356ec0, 0x000002aac1379310,
0x000002aac135b940, 0x000002aac104b440, 0x000002aac1661e60, 0x000002aac17bb650,
0x000002aac64f4750, 0x000002aac64069e0, 0x000002aac6e222d0, 0x000002aac6337420,
0x000002aac62559b0, 0x000002aac659db00, 0x000002aac659e190, 0x000002aac659c0c0,
0x000002aac659d470, 0x000002aac659f540, 0x000002aac659eeb0, 0x000002aac659e820,
0x000002aac659cde0, 0x000002aac7d00c30, 0x000002aac7cfeb60, 0x000002aac7cff1f0,
0x000002aac7cfff10, 0x000002aac7d005a0, 0x000002aac7cfca90, 0x000002aac7cfd7b0,
0x000002aac7cfbd70, 0x000002aac7cfd120, 0x000002aac7cfb6e0, 0x000002aac7cfc400,
0x000002aac7d01fe0, 0x000002aac7cff880, 0x000002aac7d012c0, 0x000002aac7cfb050
}

Java Threads: ( => current thread )
  0x000002aaa8212750 JavaThread "main"                              [_thread_blocked, id=3576, stack(0x000000c8ecf00000,0x000000c8ed000000) (1024K)]
  0x000002aac136f550 JavaThread "Reference Handler"          daemon [_thread_blocked, id=9860, stack(0x000000c8ed700000,0x000000c8ed800000) (1024K)]
  0x000002aac1350180 JavaThread "Finalizer"                  daemon [_thread_blocked, id=16744, stack(0x000000c8ed800000,0x000000c8ed900000) (1024K)]
  0x000002aac1354fa0 JavaThread "Signal Dispatcher"          daemon [_thread_blocked, id=12292, stack(0x000000c8ed900000,0x000000c8eda00000) (1024K)]
  0x000002aac1355a00 JavaThread "Attach Listener"            daemon [_thread_blocked, id=1104, stack(0x000000c8eda00000,0x000000c8edb00000) (1024K)]
  0x000002aac1356460 JavaThread "Service Thread"             daemon [_thread_blocked, id=13076, stack(0x000000c8edb00000,0x000000c8edc00000) (1024K)]
  0x000002aac1356ec0 JavaThread "Monitor Deflation Thread"   daemon [_thread_blocked, id=17360, stack(0x000000c8edc00000,0x000000c8edd00000) (1024K)]
=>0x000002aac1379310 JavaThread "C2 CompilerThread0"         daemon [_thread_in_native, id=17348, stack(0x000000c8edd00000,0x000000c8ede00000) (1024K)]
  0x000002aac135b940 JavaThread "C1 CompilerThread0"         daemon [_thread_blocked, id=14652, stack(0x000000c8ede00000,0x000000c8edf00000) (1024K)]
  0x000002aac104b440 JavaThread "Common-Cleaner"             daemon [_thread_blocked, id=9388, stack(0x000000c8edf00000,0x000000c8ee000000) (1024K)]
  0x000002aac1661e60 JavaThread "Notification Thread"        daemon [_thread_blocked, id=13204, stack(0x000000c8ee000000,0x000000c8ee100000) (1024K)]
  0x000002aac17bb650 JavaThread "Daemon health stats"               [_thread_blocked, id=15392, stack(0x000000c8ee400000,0x000000c8ee500000) (1024K)]
  0x000002aac64f4750 JavaThread "Incoming local TCP Connector on port 56017"        [_thread_in_native, id=15384, stack(0x000000c8ee500000,0x000000c8ee600000) (1024K)]
  0x000002aac64069e0 JavaThread "Daemon periodic checks"            [_thread_blocked, id=15852, stack(0x000000c8ee600000,0x000000c8ee700000) (1024K)]
  0x000002aac6e222d0 JavaThread "Daemon"                            [_thread_blocked, id=15608, stack(0x000000c8ee700000,0x000000c8ee800000) (1024K)]
  0x000002aac6337420 JavaThread "Handler for socket connection from /127.0.0.1:56017 to /127.0.0.1:56019"        [_thread_in_native, id=15832, stack(0x000000c8ee800000,0x000000c8ee900000) (1024K)]
  0x000002aac62559b0 JavaThread "Cancel handler"                    [_thread_blocked, id=13896, stack(0x000000c8ee900000,0x000000c8eea00000) (1024K)]
  0x000002aac659db00 JavaThread "Daemon worker"                     [_thread_in_native, id=14036, stack(0x000000c8eea00000,0x000000c8eeb00000) (1024K)]
  0x000002aac659e190 JavaThread "Asynchronous log dispatcher for DefaultDaemonConnection: socket connection from /127.0.0.1:56017 to /127.0.0.1:56019"        [_thread_blocked, id=16076, stack(0x000000c8eeb00000,0x000000c8eec00000) (1024K)]
  0x000002aac659c0c0 JavaThread "Stdin handler"                     [_thread_blocked, id=10448, stack(0x000000c8eec00000,0x000000c8eed00000) (1024K)]
  0x000002aac659d470 JavaThread "Daemon client event forwarder"        [_thread_blocked, id=15404, stack(0x000000c8eed00000,0x000000c8eee00000) (1024K)]
  0x000002aac659f540 JavaThread "Cache worker for journal cache (C:\Users\DELL\.gradle\caches\journal-1)"        [_thread_blocked, id=16968, stack(0x000000c8eee00000,0x000000c8eef00000) (1024K)]
  0x000002aac659eeb0 JavaThread "File lock request listener"        [_thread_in_native, id=7896, stack(0x000000c8eef00000,0x000000c8ef000000) (1024K)]
  0x000002aac659e820 JavaThread "Cache worker for file hash cache (C:\Users\DELL\.gradle\caches\8.9\fileHashes)"        [_thread_blocked, id=9416, stack(0x000000c8ef000000,0x000000c8ef100000) (1024K)]
  0x000002aac659cde0 JavaThread "Cache worker for file hash cache (C:\Users\DELL\AndroidStudioProjects\WeChat\.gradle\8.9\fileHashes)"        [_thread_blocked, id=15444, stack(0x000000c8ef100000,0x000000c8ef200000) (1024K)]
  0x000002aac7d00c30 JavaThread "Cache worker for Build Output Cleanup Cache (C:\Users\DELL\AndroidStudioProjects\WeChat\.gradle\buildOutputCleanup)"        [_thread_blocked, id=14592, stack(0x000000c8ef200000,0x000000c8ef300000) (1024K)]
  0x000002aac7cfeb60 JavaThread "File watcher server"        daemon [_thread_in_native, id=4956, stack(0x000000c8ef300000,0x000000c8ef400000) (1024K)]
  0x000002aac7cff1f0 JavaThread "File watcher consumer"      daemon [_thread_blocked, id=16448, stack(0x000000c8ef400000,0x000000c8ef500000) (1024K)]
  0x000002aac7cfff10 JavaThread "jar transforms"                    [_thread_blocked, id=16468, stack(0x000000c8ef500000,0x000000c8ef600000) (1024K)]
  0x000002aac7d005a0 JavaThread "jar transforms Thread 2"           [_thread_blocked, id=15976, stack(0x000000c8ef600000,0x000000c8ef700000) (1024K)]
  0x000002aac7cfca90 JavaThread "jar transforms Thread 3"           [_thread_blocked, id=10028, stack(0x000000c8ef700000,0x000000c8ef800000) (1024K)]
  0x000002aac7cfd7b0 JavaThread "jar transforms Thread 4"           [_thread_blocked, id=13476, stack(0x000000c8ef800000,0x000000c8ef900000) (1024K)]
  0x000002aac7cfbd70 JavaThread "Cache worker for checksums cache (C:\Users\DELL\AndroidStudioProjects\WeChat\.gradle\8.9\checksums)"        [_thread_blocked, id=10800, stack(0x000000c8ef900000,0x000000c8efa00000) (1024K)]
  0x000002aac7cfd120 JavaThread "Cache worker for file content cache (C:\Users\DELL\.gradle\caches\8.9\fileContent)"        [_thread_blocked, id=3516, stack(0x000000c8efa00000,0x000000c8efb00000) (1024K)]
  0x000002aac7cfb6e0 JavaThread "Cache worker for cache directory md-rule (C:\Users\DELL\.gradle\caches\8.9\md-rule)"        [_thread_blocked, id=1636, stack(0x000000c8efb00000,0x000000c8efc00000) (1024K)]
  0x000002aac7cfc400 JavaThread "Cache worker for cache directory md-supplier (C:\Users\DELL\.gradle\caches\8.9\md-supplier)"        [_thread_blocked, id=15952, stack(0x000000c8efc00000,0x000000c8efd00000) (1024K)]
  0x000002aac7d01fe0 JavaThread "Unconstrained build operations"        [_thread_blocked, id=7848, stack(0x000000c8efd00000,0x000000c8efe00000) (1024K)]
  0x000002aac7cff880 JavaThread "Unconstrained build operations Thread 2"        [_thread_blocked, id=15956, stack(0x000000c8efe00000,0x000000c8eff00000) (1024K)]
  0x000002aac7d012c0 JavaThread "Unconstrained build operations Thread 3"        [_thread_blocked, id=12416, stack(0x000000c8eff00000,0x000000c8f0000000) (1024K)]
  0x000002aac7cfb050 JavaThread "Unconstrained build operations Thread 4"        [_thread_blocked, id=12060, stack(0x000000c8f0000000,0x000000c8f0100000) (1024K)]
Total: 40

Other Threads:
  0x000002aac10df7c0 VMThread "VM Thread"                           [id=5284, stack(0x000000c8ed600000,0x000000c8ed700000) (1024K)]
  0x000002aac104aa00 WatcherThread "VM Periodic Task Thread"        [id=16032, stack(0x000000c8ed500000,0x000000c8ed600000) (1024K)]
  0x000002aaa82ddfc0 WorkerThread "GC Thread#0"                     [id=11688, stack(0x000000c8ed000000,0x000000c8ed100000) (1024K)]
  0x000002aac17a50c0 WorkerThread "GC Thread#1"                     [id=3208, stack(0x000000c8ee100000,0x000000c8ee200000) (1024K)]
  0x000002aac16fbe40 WorkerThread "GC Thread#2"                     [id=17208, stack(0x000000c8ee200000,0x000000c8ee300000) (1024K)]
  0x000002aac61b0920 WorkerThread "GC Thread#3"                     [id=11196, stack(0x000000c8ee300000,0x000000c8ee400000) (1024K)]
  0x000002aaaa314f10 ConcurrentGCThread "G1 Main Marker"            [id=16184, stack(0x000000c8ed100000,0x000000c8ed200000) (1024K)]
  0x000002aaaa315820 WorkerThread "G1 Conc#0"                       [id=16292, stack(0x000000c8ed200000,0x000000c8ed300000) (1024K)]
  0x000002aaaa3678b0 ConcurrentGCThread "G1 Refine#0"               [id=1248, stack(0x000000c8ed300000,0x000000c8ed400000) (1024K)]
  0x000002aaaa3698b0 ConcurrentGCThread "G1 Service"                [id=7692, stack(0x000000c8ed400000,0x000000c8ed500000) (1024K)]
Total: 10

Threads with active compile tasks:
C2 CompilerThread0    22330 5022       4       java.lang.invoke.MethodType::makeImpl (109 bytes)
Total: 1

VM state: not at safepoint (normal execution)

VM Mutex/Monitor currently owned by a thread: None

Heap address: 0x0000000080000000, size: 2048 MB, Compressed Oops mode: 32-bit

CDS archive(s) not mapped
Compressed class space mapped at: 0x0000000100000000-0x0000000140000000, reserved size: 1073741824
Narrow klass base: 0x0000000000000000, Narrow klass shift: 3, Narrow klass range: 0x140000000

GC Precious Log:
 CardTable entry size: 512
 Card Set container configuration: InlinePtr #cards 5 size 8 Array Of Cards #cards 12 size 40 Howl #buckets 4 coarsen threshold 1843 Howl Bitmap #cards 512 size 80 coarsen threshold 460 Card regions per heap region 1 cards per card region 2048
 CPUs: 4 total, 4 available
 Memory: 3960M
 Large Page Support: Disabled
 NUMA Support: Disabled
 Compressed Oops: Enabled (32-bit)
 Heap Region Size: 1M
 Heap Min Capacity: 8M
 Heap Initial Capacity: 62M
 Heap Max Capacity: 2G
 Pre-touch: Disabled
 Parallel Workers: 4
 Concurrent Workers: 1
 Concurrent Refinement Workers: 4
 Periodic GC: Disabled

Heap:
 garbage-first heap   total 101376K, used 87280K [0x0000000080000000, 0x0000000100000000)
  region size 1024K, 33 young (33792K), 2 survivors (2048K)
 Metaspace       used 55535K, committed 56960K, reserved 1114112K
  class space    used 7631K, committed 8320K, reserved 1048576K

Heap Regions: E=young(eden), S=young(survivor), O=old, HS=humongous(starts), HC=humongous(continues), CS=collection set, F=free, TAMS=top-at-mark-start, PB=parsable bottom
|   0|0x0000000080000000, 0x0000000080100000, 0x0000000080100000|100%|HS|  |TAMS 0x0000000080000000| PB 0x0000000080000000| Complete 
|   1|0x0000000080100000, 0x0000000080200000, 0x0000000080200000|100%|HC|  |TAMS 0x0000000080100000| PB 0x0000000080100000| Complete 
|   2|0x0000000080200000, 0x0000000080300000, 0x0000000080300000|100%|HC|  |TAMS 0x0000000080200000| PB 0x0000000080200000| Complete 
|   3|0x0000000080300000, 0x0000000080400000, 0x0000000080400000|100%|HC|  |TAMS 0x0000000080300000| PB 0x0000000080300000| Complete 
|   4|0x0000000080400000, 0x0000000080500000, 0x0000000080500000|100%| O|  |TAMS 0x0000000080400000| PB 0x0000000080400000| Untracked 
|   5|0x0000000080500000, 0x0000000080600000, 0x0000000080600000|100%| O|  |TAMS 0x0000000080500000| PB 0x0000000080500000| Untracked 
|   6|0x0000000080600000, 0x0000000080700000, 0x0000000080700000|100%| O|  |TAMS 0x0000000080600000| PB 0x0000000080600000| Untracked 
|   7|0x0000000080700000, 0x0000000080800000, 0x0000000080800000|100%| O|  |TAMS 0x0000000080700000| PB 0x0000000080700000| Untracked 
|   8|0x0000000080800000, 0x0000000080900000, 0x0000000080900000|100%| O|  |TAMS 0x0000000080800000| PB 0x0000000080800000| Untracked 
|   9|0x0000000080900000, 0x0000000080a00000, 0x0000000080a00000|100%| O|  |TAMS 0x0000000080900000| PB 0x0000000080900000| Untracked 
|  10|0x0000000080a00000, 0x0000000080b00000, 0x0000000080b00000|100%| O|  |TAMS 0x0000000080a00000| PB 0x0000000080a00000| Untracked 
|  11|0x0000000080b00000, 0x0000000080c00000, 0x0000000080c00000|100%| O|  |TAMS 0x0000000080b00000| PB 0x0000000080b00000| Untracked 
|  12|0x0000000080c00000, 0x0000000080d00000, 0x0000000080d00000|100%|HS|  |TAMS 0x0000000080c00000| PB 0x0000000080c00000| Complete 
|  13|0x0000000080d00000, 0x0000000080e00000, 0x0000000080e00000|100%| O|  |TAMS 0x0000000080d00000| PB 0x0000000080d00000| Untracked 
|  14|0x0000000080e00000, 0x0000000080f00000, 0x0000000080f00000|100%| O|  |TAMS 0x0000000080e00000| PB 0x0000000080e00000| Untracked 
|  15|0x0000000080f00000, 0x0000000081000000, 0x0000000081000000|100%| O|  |TAMS 0x0000000080f00000| PB 0x0000000080f00000| Untracked 
|  16|0x0000000081000000, 0x0000000081100000, 0x0000000081100000|100%| O|  |TAMS 0x0000000081000000| PB 0x0000000081000000| Untracked 
|  17|0x0000000081100000, 0x0000000081200000, 0x0000000081200000|100%| O|  |TAMS 0x0000000081100000| PB 0x0000000081100000| Untracked 
|  18|0x0000000081200000, 0x0000000081300000, 0x0000000081300000|100%| O|  |TAMS 0x0000000081200000| PB 0x0000000081200000| Untracked 
|  19|0x0000000081300000, 0x0000000081400000, 0x0000000081400000|100%| O|  |TAMS 0x0000000081300000| PB 0x0000000081300000| Untracked 
|  20|0x0000000081400000, 0x0000000081500000, 0x0000000081500000|100%| O|  |TAMS 0x0000000081400000| PB 0x0000000081400000| Untracked 
|  21|0x0000000081500000, 0x0000000081600000, 0x0000000081600000|100%| O|  |TAMS 0x0000000081500000| PB 0x0000000081500000| Untracked 
|  22|0x0000000081600000, 0x0000000081700000, 0x0000000081700000|100%|HS|  |TAMS 0x0000000081600000| PB 0x0000000081600000| Complete 
|  23|0x0000000081700000, 0x0000000081800000, 0x0000000081800000|100%|HC|  |TAMS 0x0000000081700000| PB 0x0000000081700000| Complete 
|  24|0x0000000081800000, 0x0000000081900000, 0x0000000081900000|100%|HC|  |TAMS 0x0000000081800000| PB 0x0000000081800000| Complete 
|  25|0x0000000081900000, 0x0000000081a00000, 0x0000000081a00000|100%|HC|  |TAMS 0x0000000081900000| PB 0x0000000081900000| Complete 
|  26|0x0000000081a00000, 0x0000000081b00000, 0x0000000081b00000|100%|HC|  |TAMS 0x0000000081a00000| PB 0x0000000081a00000| Complete 
|  27|0x0000000081b00000, 0x0000000081c00000, 0x0000000081c00000|100%|HC|  |TAMS 0x0000000081b00000| PB 0x0000000081b00000| Complete 
|  28|0x0000000081c00000, 0x0000000081d00000, 0x0000000081d00000|100%| O|  |TAMS 0x0000000081c00000| PB 0x0000000081c00000| Untracked 
|  29|0x0000000081d00000, 0x0000000081e00000, 0x0000000081e00000|100%|HS|  |TAMS 0x0000000081d00000| PB 0x0000000081d00000| Complete 
|  30|0x0000000081e00000, 0x0000000081f00000, 0x0000000081f00000|100%|HC|  |TAMS 0x0000000081e00000| PB 0x0000000081e00000| Complete 
|  31|0x0000000081f00000, 0x0000000082000000, 0x0000000082000000|100%|HC|  |TAMS 0x0000000081f00000| PB 0x0000000081f00000| Complete 
|  32|0x0000000082000000, 0x0000000082100000, 0x0000000082100000|100%|HS|  |TAMS 0x0000000082000000| PB 0x0000000082000000| Complete 
|  33|0x0000000082100000, 0x0000000082200000, 0x0000000082200000|100%| O|  |TAMS 0x0000000082100000| PB 0x0000000082100000| Untracked 
|  34|0x0000000082200000, 0x0000000082300000, 0x0000000082300000|100%|HS|  |TAMS 0x0000000082200000| PB 0x0000000082200000| Complete 
|  35|0x0000000082300000, 0x0000000082400000, 0x0000000082400000|100%|HC|  |TAMS 0x0000000082300000| PB 0x0000000082300000| Complete 
|  36|0x0000000082400000, 0x0000000082500000, 0x0000000082500000|100%| O|  |TAMS 0x0000000082400000| PB 0x0000000082400000| Untracked 
|  37|0x0000000082500000, 0x0000000082600000, 0x0000000082600000|100%| O|Cm|TAMS 0x0000000082500000| PB 0x0000000082500000| Complete 
|  38|0x0000000082600000, 0x0000000082700000, 0x0000000082700000|100%| O|Cm|TAMS 0x0000000082600000| PB 0x0000000082600000| Complete 
|  39|0x0000000082700000, 0x0000000082800000, 0x0000000082800000|100%| O|  |TAMS 0x0000000082700000| PB 0x0000000082700000| Untracked 
|  40|0x0000000082800000, 0x0000000082900000, 0x0000000082900000|100%| O|  |TAMS 0x0000000082800000| PB 0x0000000082800000| Untracked 
|  41|0x0000000082900000, 0x0000000082a00000, 0x0000000082a00000|100%| O|  |TAMS 0x0000000082900000| PB 0x0000000082900000| Untracked 
|  42|0x0000000082a00000, 0x0000000082b00000, 0x0000000082b00000|100%| O|  |TAMS 0x0000000082a00000| PB 0x0000000082a00000| Untracked 
|  43|0x0000000082b00000, 0x0000000082c00000, 0x0000000082c00000|100%| O|  |TAMS 0x0000000082b00000| PB 0x0000000082b00000| Untracked 
|  44|0x0000000082c00000, 0x0000000082d00000, 0x0000000082d00000|100%| O|  |TAMS 0x0000000082c00000| PB 0x0000000082c00000| Untracked 
|  45|0x0000000082d00000, 0x0000000082e00000, 0x0000000082e00000|100%| O|  |TAMS 0x0000000082d00000| PB 0x0000000082d00000| Untracked 
|  46|0x0000000082e00000, 0x0000000082f00000, 0x0000000082f00000|100%|HS|  |TAMS 0x0000000082e00000| PB 0x0000000082e00000| Complete 
|  47|0x0000000082f00000, 0x0000000083000000, 0x0000000083000000|100%|HC|  |TAMS 0x0000000082f00000| PB 0x0000000082f00000| Complete 
|  48|0x0000000083000000, 0x0000000083000000, 0x0000000083100000|  0%| F|  |TAMS 0x0000000083000000| PB 0x0000000083000000| Untracked 
|  49|0x0000000083100000, 0x0000000083200000, 0x0000000083200000|100%| O|  |TAMS 0x0000000083100000| PB 0x0000000083100000| Untracked 
|  50|0x0000000083200000, 0x0000000083300000, 0x0000000083300000|100%| O|  |TAMS 0x0000000083200000| PB 0x0000000083200000| Untracked 
|  51|0x0000000083300000, 0x0000000083400000, 0x0000000083400000|100%| O|  |TAMS 0x0000000083300000| PB 0x0000000083300000| Untracked 
|  52|0x0000000083400000, 0x0000000083400000, 0x0000000083500000|  0%| F|  |TAMS 0x0000000083400000| PB 0x0000000083400000| Untracked 
|  53|0x0000000083500000, 0x0000000083500000, 0x0000000083600000|  0%| F|  |TAMS 0x0000000083500000| PB 0x0000000083500000| Untracked 
|  54|0x0000000083600000, 0x0000000083600000, 0x0000000083700000|  0%| F|  |TAMS 0x0000000083600000| PB 0x0000000083600000| Untracked 
|  55|0x0000000083700000, 0x0000000083700000, 0x0000000083800000|  0%| F|  |TAMS 0x0000000083700000| PB 0x0000000083700000| Untracked 
|  56|0x0000000083800000, 0x0000000083800000, 0x0000000083900000|  0%| F|  |TAMS 0x0000000083800000| PB 0x0000000083800000| Untracked 
|  57|0x0000000083900000, 0x0000000083900000, 0x0000000083a00000|  0%| F|  |TAMS 0x0000000083900000| PB 0x0000000083900000| Untracked 
|  58|0x0000000083a00000, 0x0000000083ad15a8, 0x0000000083b00000| 81%| O|  |TAMS 0x0000000083a00000| PB 0x0000000083a00000| Untracked 
|  59|0x0000000083b00000, 0x0000000083b00000, 0x0000000083c00000|  0%| F|  |TAMS 0x0000000083b00000| PB 0x0000000083b00000| Untracked 
|  60|0x0000000083c00000, 0x0000000083c00000, 0x0000000083d00000|  0%| F|  |TAMS 0x0000000083c00000| PB 0x0000000083c00000| Untracked 
|  61|0x0000000083d00000, 0x0000000083d00000, 0x0000000083e00000|  0%| F|  |TAMS 0x0000000083d00000| PB 0x0000000083d00000| Untracked 
|  62|0x0000000083e00000, 0x0000000083e00000, 0x0000000083f00000|  0%| F|  |TAMS 0x0000000083e00000| PB 0x0000000083e00000| Untracked 
|  63|0x0000000083f00000, 0x0000000083f00000, 0x0000000084000000|  0%| F|  |TAMS 0x0000000083f00000| PB 0x0000000083f00000| Untracked 
|  64|0x0000000084000000, 0x000000008408a7e0, 0x0000000084100000| 54%| E|  |TAMS 0x0000000084000000| PB 0x0000000084000000| Complete 
|  65|0x0000000084100000, 0x0000000084200000, 0x0000000084200000|100%| E|CS|TAMS 0x0000000084100000| PB 0x0000000084100000| Complete 
|  66|0x0000000084200000, 0x0000000084300000, 0x0000000084300000|100%| E|CS|TAMS 0x0000000084200000| PB 0x0000000084200000| Complete 
|  67|0x0000000084300000, 0x0000000084400000, 0x0000000084400000|100%| E|CS|TAMS 0x0000000084300000| PB 0x0000000084300000| Complete 
|  68|0x0000000084400000, 0x0000000084500000, 0x0000000084500000|100%| E|CS|TAMS 0x0000000084400000| PB 0x0000000084400000| Complete 
|  69|0x0000000084500000, 0x0000000084600000, 0x0000000084600000|100%| E|CS|TAMS 0x0000000084500000| PB 0x0000000084500000| Complete 
|  70|0x0000000084600000, 0x0000000084700000, 0x0000000084700000|100%| E|CS|TAMS 0x0000000084600000| PB 0x0000000084600000| Complete 
|  71|0x0000000084700000, 0x0000000084800000, 0x0000000084800000|100%| E|CS|TAMS 0x0000000084700000| PB 0x0000000084700000| Complete 
|  72|0x0000000084800000, 0x0000000084900000, 0x0000000084900000|100%| E|CS|TAMS 0x0000000084800000| PB 0x0000000084800000| Complete 
|  73|0x0000000084900000, 0x0000000084a00000, 0x0000000084a00000|100%| E|CS|TAMS 0x0000000084900000| PB 0x0000000084900000| Complete 
|  74|0x0000000084a00000, 0x0000000084b00000, 0x0000000084b00000|100%| E|CS|TAMS 0x0000000084a00000| PB 0x0000000084a00000| Complete 
|  75|0x0000000084b00000, 0x0000000084c00000, 0x0000000084c00000|100%| E|CS|TAMS 0x0000000084b00000| PB 0x0000000084b00000| Complete 
|  76|0x0000000084c00000, 0x0000000084d00000, 0x0000000084d00000|100%| E|CS|TAMS 0x0000000084c00000| PB 0x0000000084c00000| Complete 
|  77|0x0000000084d00000, 0x0000000084e00000, 0x0000000084e00000|100%| E|CS|TAMS 0x0000000084d00000| PB 0x0000000084d00000| Complete 
|  78|0x0000000084e00000, 0x0000000084e6ab48, 0x0000000084f00000| 41%| S|CS|TAMS 0x0000000084e00000| PB 0x0000000084e00000| Complete 
|  79|0x0000000084f00000, 0x0000000085000000, 0x0000000085000000|100%| S|CS|TAMS 0x0000000084f00000| PB 0x0000000084f00000| Complete 
|  80|0x0000000085000000, 0x0000000085100000, 0x0000000085100000|100%| E|CS|TAMS 0x0000000085000000| PB 0x0000000085000000| Complete 
|  81|0x0000000085100000, 0x0000000085200000, 0x0000000085200000|100%| E|CS|TAMS 0x0000000085100000| PB 0x0000000085100000| Complete 
|  82|0x0000000085200000, 0x0000000085300000, 0x0000000085300000|100%| E|CS|TAMS 0x0000000085200000| PB 0x0000000085200000| Complete 
|  83|0x0000000085300000, 0x0000000085400000, 0x0000000085400000|100%| E|CS|TAMS 0x0000000085300000| PB 0x0000000085300000| Complete 
|  84|0x0000000085400000, 0x0000000085500000, 0x0000000085500000|100%| E|CS|TAMS 0x0000000085400000| PB 0x0000000085400000| Complete 
|  85|0x0000000085500000, 0x0000000085600000, 0x0000000085600000|100%| E|CS|TAMS 0x0000000085500000| PB 0x0000000085500000| Complete 
|  86|0x0000000085600000, 0x0000000085700000, 0x0000000085700000|100%| E|CS|TAMS 0x0000000085600000| PB 0x0000000085600000| Complete 
|  87|0x0000000085700000, 0x0000000085800000, 0x0000000085800000|100%| E|CS|TAMS 0x0000000085700000| PB 0x0000000085700000| Complete 
|  88|0x0000000085800000, 0x0000000085900000, 0x0000000085900000|100%| E|CS|TAMS 0x0000000085800000| PB 0x0000000085800000| Complete 
|  89|0x0000000085900000, 0x0000000085a00000, 0x0000000085a00000|100%| E|CS|TAMS 0x0000000085900000| PB 0x0000000085900000| Complete 
|  90|0x0000000085a00000, 0x0000000085b00000, 0x0000000085b00000|100%| E|CS|TAMS 0x0000000085a00000| PB 0x0000000085a00000| Complete 
|  91|0x0000000085b00000, 0x0000000085c00000, 0x0000000085c00000|100%| E|CS|TAMS 0x0000000085b00000| PB 0x0000000085b00000| Complete 
|  92|0x0000000085c00000, 0x0000000085d00000, 0x0000000085d00000|100%| E|CS|TAMS 0x0000000085c00000| PB 0x0000000085c00000| Complete 
|  93|0x0000000085d00000, 0x0000000085e00000, 0x0000000085e00000|100%| E|CS|TAMS 0x0000000085d00000| PB 0x0000000085d00000| Complete 
|  94|0x0000000085e00000, 0x0000000085f00000, 0x0000000085f00000|100%| E|CS|TAMS 0x0000000085e00000| PB 0x0000000085e00000| Complete 
|  95|0x0000000085f00000, 0x0000000086000000, 0x0000000086000000|100%| E|CS|TAMS 0x0000000085f00000| PB 0x0000000085f00000| Complete 
|2045|0x00000000ffd00000, 0x00000000ffe00000, 0x00000000ffe00000|100%| E|CS|TAMS 0x00000000ffd00000| PB 0x00000000ffd00000| Complete 
|2046|0x00000000ffe00000, 0x00000000fff00000, 0x00000000fff00000|100%| O|  |TAMS 0x00000000ffe00000| PB 0x00000000ffe00000| Untracked 
|2047|0x00000000fff00000, 0x0000000100000000, 0x0000000100000000|100%| O|  |TAMS 0x00000000fff00000| PB 0x00000000fff00000| Untracked 

Card table byte_map: [0x000002aabc800000,0x000002aabcc00000] _byte_map_base: 0x000002aabc400000

Marking Bits: (CMBitMap*) 0x000002aaa82de5d0
 Bits: [0x000002aabcc00000, 0x000002aabec00000)

Polling page: 0x000002aaa8180000

Metaspace:

Usage:
  Non-class:     46.78 MB used.
      Class:      7.45 MB used.
       Both:     54.23 MB used.

Virtual space:
  Non-class space:       64.00 MB reserved,      47.50 MB ( 74%) committed,  1 nodes.
      Class space:        1.00 GB reserved,       8.12 MB ( <1%) committed,  1 nodes.
             Both:        1.06 GB reserved,      55.62 MB (  5%) committed. 

Chunk freelists:
   Non-Class:  216.00 KB
       Class:  7.88 MB
        Both:  8.09 MB

MaxMetaspaceSize: unlimited
CompressedClassSpaceSize: 1.00 GB
Initial GC threshold: 21.00 MB
Current GC threshold: 83.56 MB
CDS: off
 - commit_granule_bytes: 65536.
 - commit_granule_words: 8192.
 - virtual_space_node_default_size: 8388608.
 - enlarge_chunks_in_place: 1.
 - use_allocation_guard: 0.


Internal statistics:

num_allocs_failed_limit: 3.
num_arena_births: 2646.
num_arena_deaths: 0.
num_vsnodes_births: 2.
num_vsnodes_deaths: 0.
num_space_committed: 890.
num_space_uncommitted: 0.
num_chunks_returned_to_freelist: 3.
num_chunks_taken_from_freelist: 4831.
num_chunk_merges: 3.
num_chunk_splits: 3081.
num_chunks_enlarged: 1898.
num_inconsistent_stats: 0.

CodeHeap 'non-profiled nmethods': size=120000Kb used=2309Kb max_used=2309Kb free=117690Kb
 bounds [0x000002aab4ed0000, 0x000002aab5140000, 0x000002aabc400000]
CodeHeap 'profiled nmethods': size=120000Kb used=8767Kb max_used=8767Kb free=111232Kb
 bounds [0x000002aaad400000, 0x000002aaadc90000, 0x000002aab4930000]
CodeHeap 'non-nmethods': size=5760Kb used=2679Kb max_used=2706Kb free=3080Kb
 bounds [0x000002aab4930000, 0x000002aab4be0000, 0x000002aab4ed0000]
 total_blobs=5387 nmethods=4549 adapters=741
 compilation: enabled
              stopped_count=0, restarted_count=0
 full_count=0

Compilation events (20 events):
Event: 22.194 Thread 0x000002aac135b940 5157       3       org.gradle.cache.internal.btree.BTreePersistentIndexedCache$IndexBlock::access$702 (7 bytes)
Event: 22.194 Thread 0x000002aac135b940 nmethod 5157 0x000002aaadc7e890 code [0x000002aaadc7ea40, 0x000002aaadc7eb88]
Event: 22.194 Thread 0x000002aac135b940 5159       3       java.util.Collections::indexedBinarySearch (83 bytes)
Event: 22.195 Thread 0x000002aac135b940 nmethod 5159 0x000002aaadc7ec90 code [0x000002aaadc7ee80, 0x000002aaadc7f458]
Event: 22.195 Thread 0x000002aac135b940 5158       3       org.gradle.cache.internal.btree.BTreePersistentIndexedCache$IndexBlock::access$802 (7 bytes)
Event: 22.195 Thread 0x000002aac135b940 nmethod 5158 0x000002aaadc7f610 code [0x000002aaadc7f7c0, 0x000002aaadc7f908]
Event: 22.200 Thread 0x000002aac135b940 5160       3       org.gradle.internal.snapshot.impl.DirectorySnapshotter$DefaultExcludes$StartMatcher::test (9 bytes)
Event: 22.201 Thread 0x000002aac135b940 nmethod 5160 0x000002aaadc7fa10 code [0x000002aaadc7fbe0, 0x000002aaadc7fef0]
Event: 22.201 Thread 0x000002aac135b940 5161       3       com.google.common.cache.LocalCache$EntryFactory$2::newEntry (12 bytes)
Event: 22.202 Thread 0x000002aac135b940 nmethod 5161 0x000002aaadc80010 code [0x000002aaadc80200, 0x000002aaadc80830]
Event: 22.214 Thread 0x000002aac135b940 5162       3       com.google.common.collect.MapMakerInternalMap$Segment::getFirst (21 bytes)
Event: 22.216 Thread 0x000002aac135b940 nmethod 5162 0x000002aaadc80a10 code [0x000002aaadc80c80, 0x000002aaadc81790]
Event: 22.217 Thread 0x000002aac135b940 5163       3       org.gradle.internal.hash.Hashing$MessageDigestHasher::putHash (6 bytes)
Event: 22.217 Thread 0x000002aac135b940 nmethod 5163 0x000002aaadc81b90 code [0x000002aaadc81d40, 0x000002aaadc81f18]
Event: 22.217 Thread 0x000002aac135b940 5164       3       org.gradle.internal.hash.HashCode$HashCode128::appendToHasher (21 bytes)
Event: 22.218 Thread 0x000002aac135b940 nmethod 5164 0x000002aaadc82010 code [0x000002aaadc822c0, 0x000002aaadc82f10]
Event: 22.218 Thread 0x000002aac135b940 5165       3       org.gradle.internal.hash.Hashing$DefaultHasher::putHash (24 bytes)
Event: 22.220 Thread 0x000002aac135b940 nmethod 5165 0x000002aaadc83410 code [0x000002aaadc83660, 0x000002aaadc83ef0]
Event: 22.220 Thread 0x000002aac135b940 5166       3       com.google.common.collect.MapMakerInternalMap$WeakKeyDummyValueEntry$LinkedWeakKeyDummyValueEntry::getNext (5 bytes)
Event: 22.220 Thread 0x000002aac135b940 nmethod 5166 0x000002aaadc84290 code [0x000002aaadc84420, 0x000002aaadc84540]

GC Heap History (20 events):
Event: 11.694 GC heap before
{Heap before GC invocations=7 (full 0):
 garbage-first heap   total 63488K, used 49461K [0x0000000080000000, 0x0000000100000000)
  region size 1024K, 31 young (31744K), 4 survivors (4096K)
 Metaspace       used 30107K, committed 30784K, reserved 1114112K
  class space    used 3894K, committed 4224K, reserved 1048576K
}
Event: 11.703 GC heap after
{Heap after GC invocations=8 (full 0):
 garbage-first heap   total 63488K, used 24231K [0x0000000080000000, 0x0000000100000000)
  region size 1024K, 4 young (4096K), 4 survivors (4096K)
 Metaspace       used 30107K, committed 30784K, reserved 1114112K
  class space    used 3894K, committed 4224K, reserved 1048576K
}
Event: 13.167 GC heap before
{Heap before GC invocations=8 (full 0):
 garbage-first heap   total 63488K, used 51879K [0x0000000080000000, 0x0000000100000000)
  region size 1024K, 31 young (31744K), 4 survivors (4096K)
 Metaspace       used 34044K, committed 34816K, reserved 1114112K
  class space    used 4566K, committed 4928K, reserved 1048576K
}
Event: 13.181 GC heap after
{Heap after GC invocations=9 (full 0):
 garbage-first heap   total 63488K, used 26317K [0x0000000080000000, 0x0000000100000000)
  region size 1024K, 4 young (4096K), 4 survivors (4096K)
 Metaspace       used 34044K, committed 34816K, reserved 1114112K
  class space    used 4566K, committed 4928K, reserved 1048576K
}
Event: 13.879 GC heap before
{Heap before GC invocations=9 (full 0):
 garbage-first heap   total 63488K, used 36557K [0x0000000080000000, 0x0000000100000000)
  region size 1024K, 10 young (10240K), 4 survivors (4096K)
 Metaspace       used 34728K, committed 35520K, reserved 1114112K
  class space    used 4684K, committed 5056K, reserved 1048576K
}
Event: 13.888 GC heap after
{Heap after GC invocations=10 (full 0):
 garbage-first heap   total 63488K, used 34582K [0x0000000080000000, 0x0000000100000000)
  region size 1024K, 4 young (4096K), 4 survivors (4096K)
 Metaspace       used 34728K, committed 35520K, reserved 1114112K
  class space    used 4684K, committed 5056K, reserved 1048576K
}
Event: 15.319 GC heap before
{Heap before GC invocations=11 (full 0):
 garbage-first heap   total 65536K, used 61206K [0x0000000080000000, 0x0000000100000000)
  region size 1024K, 24 young (24576K), 4 survivors (4096K)
 Metaspace       used 37059K, committed 37952K, reserved 1114112K
  class space    used 5031K, committed 5440K, reserved 1048576K
}
Event: 15.328 GC heap after
{Heap after GC invocations=12 (full 0):
 garbage-first heap   total 68608K, used 43808K [0x0000000080000000, 0x0000000100000000)
  region size 1024K, 3 young (3072K), 3 survivors (3072K)
 Metaspace       used 37059K, committed 37952K, reserved 1114112K
  class space    used 5031K, committed 5440K, reserved 1048576K
}
Event: 15.922 GC heap before
{Heap before GC invocations=12 (full 0):
 garbage-first heap   total 68608K, used 61216K [0x0000000080000000, 0x0000000100000000)
  region size 1024K, 20 young (20480K), 3 survivors (3072K)
 Metaspace       used 38970K, committed 39936K, reserved 1114112K
  class space    used 5365K, committed 5824K, reserved 1048576K
}
Event: 15.929 GC heap after
{Heap after GC invocations=13 (full 0):
 garbage-first heap   total 68608K, used 44528K [0x0000000080000000, 0x0000000100000000)
  region size 1024K, 1 young (1024K), 1 survivors (1024K)
 Metaspace       used 38970K, committed 39936K, reserved 1114112K
  class space    used 5365K, committed 5824K, reserved 1048576K
}
Event: 16.810 GC heap before
{Heap before GC invocations=13 (full 0):
 garbage-first heap   total 68608K, used 61936K [0x0000000080000000, 0x0000000100000000)
  region size 1024K, 18 young (18432K), 1 survivors (1024K)
 Metaspace       used 40966K, committed 42176K, reserved 1114112K
  class space    used 5711K, committed 6272K, reserved 1048576K
}
Event: 16.815 GC heap after
{Heap after GC invocations=14 (full 0):
 garbage-first heap   total 68608K, used 45434K [0x0000000080000000, 0x0000000100000000)
  region size 1024K, 2 young (2048K), 2 survivors (2048K)
 Metaspace       used 40966K, committed 42176K, reserved 1114112K
  class space    used 5711K, committed 6272K, reserved 1048576K
}
Event: 17.805 GC heap before
{Heap before GC invocations=15 (full 0):
 garbage-first heap   total 81920K, used 60794K [0x0000000080000000, 0x0000000100000000)
  region size 1024K, 18 young (18432K), 2 survivors (2048K)
 Metaspace       used 43645K, committed 44928K, reserved 1114112K
  class space    used 6151K, committed 6784K, reserved 1048576K
}
Event: 17.811 GC heap after
{Heap after GC invocations=16 (full 0):
 garbage-first heap   total 81920K, used 46542K [0x0000000080000000, 0x0000000100000000)
  region size 1024K, 2 young (2048K), 2 survivors (2048K)
 Metaspace       used 43645K, committed 44928K, reserved 1114112K
  class space    used 6151K, committed 6784K, reserved 1048576K
}
Event: 19.205 GC heap before
{Heap before GC invocations=16 (full 0):
 garbage-first heap   total 81920K, used 71118K [0x0000000080000000, 0x0000000100000000)
  region size 1024K, 27 young (27648K), 2 survivors (2048K)
 Metaspace       used 48869K, committed 50112K, reserved 1114112K
  class space    used 6664K, committed 7296K, reserved 1048576K
}
Event: 19.215 GC heap after
{Heap after GC invocations=17 (full 0):
 garbage-first heap   total 81920K, used 49624K [0x0000000080000000, 0x0000000100000000)
  region size 1024K, 4 young (4096K), 4 survivors (4096K)
 Metaspace       used 48869K, committed 50112K, reserved 1114112K
  class space    used 6664K, committed 7296K, reserved 1048576K
}
Event: 19.656 GC heap before
{Heap before GC invocations=17 (full 0):
 garbage-first heap   total 81920K, used 71128K [0x0000000080000000, 0x0000000100000000)
  region size 1024K, 26 young (26624K), 4 survivors (4096K)
 Metaspace       used 49385K, committed 50624K, reserved 1114112K
  class space    used 6718K, committed 7360K, reserved 1048576K
}
Event: 19.667 GC heap after
{Heap after GC invocations=18 (full 0):
 garbage-first heap   total 81920K, used 53283K [0x0000000080000000, 0x0000000100000000)
  region size 1024K, 4 young (4096K), 4 survivors (4096K)
 Metaspace       used 49385K, committed 50624K, reserved 1114112K
  class space    used 6718K, committed 7360K, reserved 1048576K
}
Event: 20.570 GC heap before
{Heap before GC invocations=19 (full 0):
 garbage-first heap   total 101376K, used 75811K [0x0000000080000000, 0x0000000100000000)
  region size 1024K, 21 young (21504K), 4 survivors (4096K)
 Metaspace       used 52203K, committed 53568K, reserved 1114112K
  class space    used 7058K, committed 7744K, reserved 1048576K
}
Event: 20.577 GC heap after
{Heap after GC invocations=20 (full 0):
 garbage-first heap   total 101376K, used 54512K [0x0000000080000000, 0x0000000100000000)
  region size 1024K, 2 young (2048K), 2 survivors (2048K)
 Metaspace       used 52203K, committed 53568K, reserved 1114112K
  class space    used 7058K, committed 7744K, reserved 1048576K
}

Dll operation events (3 events):
Event: 0.091 Loaded shared library C:\Program Files\Android\Android Studio\jbr\bin\java.dll
Event: 0.153 Loaded shared library C:\Program Files\Android\Android Studio\jbr\bin\zip.dll
Event: 2.314 Loaded shared library C:\Program Files\Android\Android Studio\jbr\bin\verify.dll

Deoptimization events (20 events):
Event: 21.973 Thread 0x000002aac7d01fe0 Uncommon trap: trap_request=0xffffff45 fr.pc=0x000002aab4f8beb8 relative=0x0000000000000178
Event: 21.973 Thread 0x000002aac7d01fe0 Uncommon trap: reason=unstable_if action=reinterpret pc=0x000002aab4f8beb8 method=java.util.concurrent.ConcurrentHashMap.addCount(JI)V @ 34 c2
Event: 21.973 Thread 0x000002aac7d01fe0 DEOPT PACKING pc=0x000002aab4f8beb8 sp=0x000000c8efdfc790
Event: 21.973 Thread 0x000002aac7d01fe0 DEOPT UNPACKING pc=0x000002aab49846a2 sp=0x000000c8efdfc6d0 mode 2
Event: 21.989 Thread 0x000002aac659db00 Uncommon trap: trap_request=0xffffffde fr.pc=0x000002aab4f42c9c relative=0x00000000000002dc
Event: 21.989 Thread 0x000002aac659db00 Uncommon trap: reason=class_check action=maybe_recompile pc=0x000002aab4f42c9c method=java.util.Collections$SetFromMap.remove(Ljava/lang/Object;)Z @ 5 c2
Event: 21.989 Thread 0x000002aac659db00 DEOPT PACKING pc=0x000002aab4f42c9c sp=0x000000c8eeaf60d0
Event: 21.989 Thread 0x000002aac659db00 DEOPT UNPACKING pc=0x000002aab49846a2 sp=0x000000c8eeaf60b8 mode 2
Event: 22.035 Thread 0x000002aac659db00 Uncommon trap: trap_request=0xffffff45 fr.pc=0x000002aab501b6f0 relative=0x00000000000002b0
Event: 22.036 Thread 0x000002aac659db00 Uncommon trap: reason=unstable_if action=reinterpret pc=0x000002aab501b6f0 method=java.util.concurrent.ConcurrentHashMap.get(Ljava/lang/Object;)Ljava/lang/Object; @ 86 c2
Event: 22.036 Thread 0x000002aac659db00 DEOPT PACKING pc=0x000002aab501b6f0 sp=0x000000c8eeaf77c0
Event: 22.036 Thread 0x000002aac659db00 DEOPT UNPACKING pc=0x000002aab49846a2 sp=0x000000c8eeaf7738 mode 2
Event: 22.048 Thread 0x000002aac659db00 Uncommon trap: trap_request=0xffffff45 fr.pc=0x000002aab50c8698 relative=0x00000000000011d8
Event: 22.048 Thread 0x000002aac659db00 Uncommon trap: reason=unstable_if action=reinterpret pc=0x000002aab50c8698 method=java.util.concurrent.ConcurrentHashMap.computeIfAbsent(Ljava/lang/Object;Ljava/util/function/Function;)Ljava/lang/Object; @ 279 c2
Event: 22.049 Thread 0x000002aac659db00 DEOPT PACKING pc=0x000002aab50c8698 sp=0x000000c8eeaf7810
Event: 22.049 Thread 0x000002aac659db00 DEOPT UNPACKING pc=0x000002aab49846a2 sp=0x000000c8eeaf7788 mode 2
Event: 22.163 Thread 0x000002aac659db00 Uncommon trap: trap_request=0xffffffde fr.pc=0x000002aab4f42c9c relative=0x00000000000002dc
Event: 22.163 Thread 0x000002aac659db00 Uncommon trap: reason=class_check action=maybe_recompile pc=0x000002aab4f42c9c method=java.util.Collections$SetFromMap.remove(Ljava/lang/Object;)Z @ 5 c2
Event: 22.163 Thread 0x000002aac659db00 DEOPT PACKING pc=0x000002aab4f42c9c sp=0x000000c8eeaf8790
Event: 22.163 Thread 0x000002aac659db00 DEOPT UNPACKING pc=0x000002aab49846a2 sp=0x000000c8eeaf8778 mode 2

Classes loaded (20 events):
Event: 21.732 Loading class java/util/stream/DistinctOps$1$2
Event: 21.732 Loading class java/util/stream/DistinctOps$1$2 done
Event: 21.840 Loading class sun/reflect/ReflectionFactory
Event: 21.841 Loading class sun/reflect/ReflectionFactory done
Event: 21.841 Loading class sun/reflect/ReflectionFactory$1
Event: 21.842 Loading class sun/reflect/ReflectionFactory$1 done
Event: 21.964 Loading class java/nio/channels/Channels
Event: 21.965 Loading class java/nio/channels/Channels done
Event: 21.965 Loading class sun/nio/ch/Streams
Event: 21.966 Loading class sun/nio/ch/Streams done
Event: 21.966 Loading class sun/nio/ch/ChannelInputStream
Event: 21.967 Loading class sun/nio/ch/ChannelInputStream done
Event: 22.168 Loading class java/util/stream/SortedOps
Event: 22.169 Loading class java/util/stream/SortedOps done
Event: 22.169 Loading class java/util/stream/SortedOps$OfRef
Event: 22.169 Loading class java/util/stream/SortedOps$OfRef done
Event: 22.170 Loading class java/util/stream/SortedOps$SizedRefSortingSink
Event: 22.170 Loading class java/util/stream/SortedOps$AbstractRefSortingSink
Event: 22.170 Loading class java/util/stream/SortedOps$AbstractRefSortingSink done
Event: 22.170 Loading class java/util/stream/SortedOps$SizedRefSortingSink done

Classes unloaded (0 events):
No events

Classes redefined (0 events):
No events

Internal exceptions (20 events):
Event: 20.611 Thread 0x000002aac659db00 Exception <a 'java/lang/NoSuchMethodError'{0x0000000085f03410}: 'java.lang.Object java.lang.invoke.DirectMethodHandle$Holder.invokeSpecial(java.lang.Object, java.lang.Object, java.lang.Object, java.lang.Object, java.lang.Object, java.lang.Object, long)'> (0x0000000085f03410) 
thrown [s\src\hotspot\share\interpreter\linkResolver.cpp, line 784]
Event: 20.611 Thread 0x000002aac659db00 Exception <a 'java/lang/NoSuchMethodError'{0x0000000085f07fb0}: 'java.lang.Object java.lang.invoke.Invokers$Holder.linkToTargetMethod(java.lang.Object, java.lang.Object, java.lang.Object, java.lang.Object, long, java.lang.Object)'> (0x0000000085f07fb0) 
thrown [s\src\hotspot\share\interpreter\linkResolver.cpp, line 784]
Event: 20.619 Thread 0x000002aac659db00 Exception <a 'java/lang/NoSuchMethodError'{0x0000000085f50b40}: 'java.lang.Object java.lang.invoke.DirectMethodHandle$Holder.newInvokeSpecial(java.lang.Object, java.lang.Object, java.lang.Object, long)'> (0x0000000085f50b40) 
thrown [s\src\hotspot\share\interpreter\linkResolver.cpp, line 784]
Event: 20.620 Thread 0x000002aac659db00 Exception <a 'java/lang/NoSuchMethodError'{0x0000000085f55bd0}: 'java.lang.Object java.lang.invoke.DirectMethodHandle$Holder.invokeSpecial(java.lang.Object, java.lang.Object, java.lang.Object, java.lang.Object, long)'> (0x0000000085f55bd0) 
thrown [s\src\hotspot\share\interpreter\linkResolver.cpp, line 784]
Event: 20.620 Thread 0x000002aac659db00 Exception <a 'java/lang/NoSuchMethodError'{0x0000000085f5a350}: 'java.lang.Object java.lang.invoke.Invokers$Holder.linkToTargetMethod(java.lang.Object, java.lang.Object, long, java.lang.Object)'> (0x0000000085f5a350) 
thrown [s\src\hotspot\share\interpreter\linkResolver.cpp, line 784]
Event: 20.691 Thread 0x000002aac659db00 Exception <a 'java/lang/NoSuchMethodError'{0x0000000085d95560}: 'java.lang.Object java.lang.invoke.DirectMethodHandle$Holder.newInvokeSpecial(java.lang.Object, java.lang.Object, java.lang.Object, java.lang.Object, java.lang.Object, java.lang.Object, java.lang.Object, java.lang.Object, java.lang.Object, java.lang.Object, java.lang.Object, java.lang.Object, java.lang.Object, java.lang.Object, java.lang.Object, java.lang.Object, java.lang.Object, java.lang.Object, java.lang.Object, java.lang.Object, java.lang
Event: 20.692 Thread 0x000002aac659db00 Exception <a 'java/lang/NoSuchMethodError'{0x0000000085d9d630}: 'java.lang.Object java.lang.invoke.DirectMethodHandle$Holder.invokeSpecial(java.lang.Object, java.lang.Object, java.lang.Object, java.lang.Object, java.lang.Object, java.lang.Object, java.lang.Object, java.lang.Object, java.lang.Object, java.lang.Object, java.lang.Object, java.lang.Object, java.lang.Object, java.lang.Object, java.lang.Object, java.lang.Object, java.lang.Object, java.lang.Object, java.lang.Object, java.lang.Object, java.lang.Ob
Event: 20.693 Thread 0x000002aac659db00 Exception <a 'java/lang/NoSuchMethodError'{0x0000000085da3e80}: 'java.lang.Object java.lang.invoke.DelegatingMethodHandle$Holder.reinvoke_L(java.lang.Object, java.lang.Object, java.lang.Object, java.lang.Object, java.lang.Object, java.lang.Object, java.lang.Object, java.lang.Object, java.lang.Object, java.lang.Object, java.lang.Object, java.lang.Object, java.lang.Object, java.lang.Object, java.lang.Object, java.lang.Object, java.lang.Object, java.lang.Object, java.lang.Object, java.lang.Object, java.lang.O
Event: 20.785 Thread 0x000002aac659db00 Implicit null exception at 0x000002aab508b800 to 0x000002aab508b8b4
Event: 20.801 Thread 0x000002aac659db00 Exception <a 'java/lang/ClassNotFoundException'{0x000000008591dfa0}: org/gradle/api/internal/artifacts/dsl/dependencies/DefaultDependencyHandler_DecoratedBeanInfo> (0x000000008591dfa0) 
thrown [s\src\hotspot\share\classfile\systemDictionary.cpp, line 312]
Event: 20.804 Thread 0x000002aac659db00 Exception <a 'java/lang/ClassNotFoundException'{0x0000000085933a80}: org/gradle/api/internal/artifacts/dsl/dependencies/DefaultDependencyHandlerBeanInfo> (0x0000000085933a80) 
thrown [s\src\hotspot\share\classfile\systemDictionary.cpp, line 312]
Event: 20.806 Thread 0x000002aac659db00 Exception <a 'java/lang/ClassNotFoundException'{0x0000000085948fc0}: org/gradle/api/internal/artifacts/dsl/dependencies/DefaultDependencyHandlerCustomizer> (0x0000000085948fc0) 
thrown [s\src\hotspot\share\classfile\systemDictionary.cpp, line 312]
Event: 20.813 Thread 0x000002aac659db00 Exception <a 'java/lang/ClassNotFoundException'{0x0000000085992d88}: org/gradle/api/internal/artifacts/dsl/dependencies/DefaultDependencyHandler_DecoratedCustomizer> (0x0000000085992d88) 
thrown [s\src\hotspot\share\classfile\systemDictionary.cpp, line 312]
Event: 20.818 Thread 0x000002aac659db00 Exception <a 'java/lang/ClassNotFoundException'{0x00000000859d37a8}: sync_studio_tooling_4rz3mvdomm1wfrn137mduim0y$_run_closure1BeanInfo> (0x00000000859d37a8) 
thrown [s\src\hotspot\share\classfile\systemDictionary.cpp, line 312]
Event: 20.819 Thread 0x000002aac659db00 Exception <a 'java/lang/ClassNotFoundException'{0x00000000859dabf0}: sync_studio_tooling_4rz3mvdomm1wfrn137mduim0y$_run_closure1Customizer> (0x00000000859dabf0) 
thrown [s\src\hotspot\share\classfile\systemDictionary.cpp, line 312]
Event: 21.110 Thread 0x000002aac659db00 Exception <a 'java/lang/NoSuchMethodError'{0x000000008558eb28}: 'java.lang.Object java.lang.invoke.DirectMethodHandle$Holder.newInvokeSpecial(java.lang.Object, int, java.lang.Object)'> (0x000000008558eb28) 
thrown [s\src\hotspot\share\interpreter\linkResolver.cpp, line 784]
Event: 21.478 Thread 0x000002aac659db00 Exception <a 'java/lang/NoSuchMethodError'{0x0000000084c7b218}: 'java.lang.Object java.lang.invoke.DirectMethodHandle$Holder.invokeSpecial(java.lang.Object, java.lang.Object, long, java.lang.Object, java.lang.Object)'> (0x0000000084c7b218) 
thrown [s\src\hotspot\share\interpreter\linkResolver.cpp, line 784]
Event: 21.852 Thread 0x000002aac659db00 Exception <a 'java/lang/NoSuchMethodError'{0x00000000847033a0}: 'java.lang.Object java.lang.invoke.DirectMethodHandle$Holder.newInvokeSpecial(java.lang.Object, java.lang.Object, java.lang.Object, java.lang.Object, int, java.lang.Object)'> (0x00000000847033a0) 
thrown [s\src\hotspot\share\interpreter\linkResolver.cpp, line 784]
Event: 21.853 Thread 0x000002aac659db00 Exception <a 'java/lang/NoSuchMethodError'{0x000000008470bbe0}: 'java.lang.Object java.lang.invoke.Invokers$Holder.linkToTargetMethod(java.lang.Object, java.lang.Object, java.lang.Object, int, java.lang.Object, java.lang.Object)'> (0x000000008470bbe0) 
thrown [s\src\hotspot\share\interpreter\linkResolver.cpp, line 784]
Event: 22.030 Thread 0x000002aac659db00 Exception <a 'java/lang/NoSuchMethodError'{0x00000000844d87f0}: 'java.lang.Object java.lang.invoke.DirectMethodHandle$Holder.invokeSpecialIFC(java.lang.Object, java.lang.Object, java.lang.Object)'> (0x00000000844d87f0) 
thrown [s\src\hotspot\share\interpreter\linkResolver.cpp, line 784]

ZGC Phase Switch (0 events):
No events

VM Operations (20 events):
Event: 19.144 Executing VM operation: HandshakeAllThreads (Deoptimize)
Event: 19.144 Executing VM operation: HandshakeAllThreads (Deoptimize) done
Event: 19.205 Executing VM operation: G1CollectForAllocation (G1 Evacuation Pause)
Event: 19.215 Executing VM operation: G1CollectForAllocation (G1 Evacuation Pause) done
Event: 19.656 Executing VM operation: G1CollectForAllocation (G1 Evacuation Pause)
Event: 19.669 Executing VM operation: G1CollectForAllocation (G1 Evacuation Pause) done
Event: 19.756 Executing VM operation: G1PauseRemark
Event: 19.761 Executing VM operation: G1PauseRemark done
Event: 19.800 Executing VM operation: G1PauseCleanup
Event: 19.800 Executing VM operation: G1PauseCleanup done
Event: 20.220 Executing VM operation: HandshakeAllThreads (Deoptimize)
Event: 20.220 Executing VM operation: HandshakeAllThreads (Deoptimize) done
Event: 20.497 Executing VM operation: HandshakeAllThreads (Deoptimize)
Event: 20.497 Executing VM operation: HandshakeAllThreads (Deoptimize) done
Event: 20.570 Executing VM operation: G1CollectForAllocation (G1 Evacuation Pause)
Event: 20.578 Executing VM operation: G1CollectForAllocation (G1 Evacuation Pause) done
Event: 21.731 Executing VM operation: HandshakeAllThreads (Deoptimize)
Event: 21.731 Executing VM operation: HandshakeAllThreads (Deoptimize) done
Event: 21.731 Executing VM operation: Cleanup
Event: 21.732 Executing VM operation: Cleanup done

Events (20 events):
Event: 19.760 Thread 0x000002aac10df7c0 flushing nmethod 0x000002aaad48ce90
Event: 19.760 Thread 0x000002aac10df7c0 flushing nmethod 0x000002aaad4b3510
Event: 19.760 Thread 0x000002aac10df7c0 flushing nmethod 0x000002aaad4b0610
Event: 19.760 Thread 0x000002aac10df7c0 flushing nmethod 0x000002aaad498190
Event: 19.760 Thread 0x000002aac10df7c0 flushing nmethod 0x000002aaad47a290
Event: 19.760 Thread 0x000002aac10df7c0 flushing nmethod 0x000002aaad483310
Event: 19.760 Thread 0x000002aac10df7c0 flushing nmethod 0x000002aaad466010
Event: 19.760 Thread 0x000002aac10df7c0 flushing nmethod 0x000002aaad441190
Event: 19.760 Thread 0x000002aac10df7c0 flushing nmethod 0x000002aaad440910
Event: 19.760 Thread 0x000002aac10df7c0 flushing nmethod 0x000002aaad460410
Event: 19.760 Thread 0x000002aac10df7c0 flushing nmethod 0x000002aaad44a110
Event: 19.760 Thread 0x000002aac10df7c0 flushing nmethod 0x000002aaad419d10
Event: 19.760 Thread 0x000002aac10df7c0 flushing nmethod 0x000002aaad427910
Event: 19.760 Thread 0x000002aac10df7c0 flushing nmethod 0x000002aab4f8e390
Event: 19.760 Thread 0x000002aac10df7c0 flushing nmethod 0x000002aab4f72790
Event: 19.760 Thread 0x000002aac10df7c0 flushing nmethod 0x000002aab4f64b90
Event: 21.921 Thread 0x000002aac7d01fe0 Thread added: 0x000002aac7d01fe0
Event: 21.927 Thread 0x000002aac7cff880 Thread added: 0x000002aac7cff880
Event: 22.031 Thread 0x000002aac7d012c0 Thread added: 0x000002aac7d012c0
Event: 22.033 Thread 0x000002aac7cfb050 Thread added: 0x000002aac7cfb050


Dynamic libraries:
0x00007ff653340000 - 0x00007ff65334a000 	C:\Program Files\Android\Android Studio\jbr\bin\java.exe
0x00007ffadbeb0000 - 0x00007ffadc0a8000 	C:\Windows\SYSTEM32\ntdll.dll
0x00007ffada740000 - 0x00007ffada802000 	C:\Windows\System32\KERNEL32.DLL
0x00007ffad99f0000 - 0x00007ffad9cee000 	C:\Windows\System32\KERNELBASE.dll
0x00007ffad98f0000 - 0x00007ffad99f0000 	C:\Windows\System32\ucrtbase.dll
0x00007ffab51b0000 - 0x00007ffab51c8000 	C:\Program Files\Android\Android Studio\jbr\bin\jli.dll
0x00007ffab3fe0000 - 0x00007ffab3ffb000 	C:\Program Files\Android\Android Studio\jbr\bin\VCRUNTIME140.dll
0x00007ffada430000 - 0x00007ffada5cd000 	C:\Windows\System32\USER32.dll
0x00007ffad9df0000 - 0x00007ffad9e12000 	C:\Windows\System32\win32u.dll
0x00007ffada880000 - 0x00007ffada8ab000 	C:\Windows\System32\GDI32.dll
0x00007ffad96e0000 - 0x00007ffad97f7000 	C:\Windows\System32\gdi32full.dll
0x00007ffad9850000 - 0x00007ffad98ed000 	C:\Windows\System32\msvcp_win.dll
0x00007ffac6af0000 - 0x00007ffac6d8a000 	C:\Windows\WinSxS\amd64_microsoft.windows.common-controls_6595b64144ccf1df_6.0.19041.4355_none_60b8b9eb71f62e16\COMCTL32.dll
0x00007ffadab30000 - 0x00007ffadabce000 	C:\Windows\System32\msvcrt.dll
0x00007ffadb9d0000 - 0x00007ffadb9ff000 	C:\Windows\System32\IMM32.DLL
0x00007ffad1d70000 - 0x00007ffad1d7c000 	C:\Program Files\Android\Android Studio\jbr\bin\vcruntime140_1.dll
0x00007ffab1790000 - 0x00007ffab181d000 	C:\Program Files\Android\Android Studio\jbr\bin\msvcp140.dll
0x00007ffa57840000 - 0x00007ffa584bd000 	C:\Program Files\Android\Android Studio\jbr\bin\server\jvm.dll
0x00007ffadb440000 - 0x00007ffadb4f1000 	C:\Windows\System32\ADVAPI32.dll
0x00007ffada6a0000 - 0x00007ffada73f000 	C:\Windows\System32\sechost.dll
0x00007ffada8b0000 - 0x00007ffada9d3000 	C:\Windows\System32\RPCRT4.dll
0x00007ffad9550000 - 0x00007ffad9577000 	C:\Windows\System32\bcrypt.dll
0x00007ffada810000 - 0x00007ffada87b000 	C:\Windows\System32\WS2_32.dll
0x00007ffad8ae0000 - 0x00007ffad8b2b000 	C:\Windows\SYSTEM32\POWRPROF.dll
0x00007ffac4db0000 - 0x00007ffac4dd7000 	C:\Windows\SYSTEM32\WINMM.dll
0x00007ffad25d0000 - 0x00007ffad25da000 	C:\Windows\SYSTEM32\VERSION.dll
0x00007ffad8930000 - 0x00007ffad8942000 	C:\Windows\SYSTEM32\UMPDC.dll
0x00007ffad7d60000 - 0x00007ffad7d72000 	C:\Windows\SYSTEM32\kernel.appcore.dll
0x00007ffad1d60000 - 0x00007ffad1d6a000 	C:\Program Files\Android\Android Studio\jbr\bin\jimage.dll
0x00007ffad7a40000 - 0x00007ffad7c24000 	C:\Windows\SYSTEM32\DBGHELP.DLL
0x00007ffac6010000 - 0x00007ffac6044000 	C:\Windows\SYSTEM32\dbgcore.DLL
0x00007ffad9d60000 - 0x00007ffad9de2000 	C:\Windows\System32\bcryptPrimitives.dll
0x00007ffab6690000 - 0x00007ffab669e000 	C:\Program Files\Android\Android Studio\jbr\bin\instrument.dll
0x00007ffab3fc0000 - 0x00007ffab3fdf000 	C:\Program Files\Android\Android Studio\jbr\bin\java.dll
0x00007ffab3fa0000 - 0x00007ffab3fb8000 	C:\Program Files\Android\Android Studio\jbr\bin\zip.dll
0x00007ffadac40000 - 0x00007ffadb3ad000 	C:\Windows\System32\SHELL32.dll
0x00007ffad71c0000 - 0x00007ffad7964000 	C:\Windows\SYSTEM32\windows.storage.dll
0x00007ffadb5b0000 - 0x00007ffadb903000 	C:\Windows\System32\combase.dll
0x00007ffad8f80000 - 0x00007ffad8fae000 	C:\Windows\SYSTEM32\Wldp.dll
0x00007ffada5d0000 - 0x00007ffada69d000 	C:\Windows\System32\OLEAUT32.dll
0x00007ffada090000 - 0x00007ffada13d000 	C:\Windows\System32\SHCORE.dll
0x00007ffadabd0000 - 0x00007ffadac25000 	C:\Windows\System32\shlwapi.dll
0x00007ffad9480000 - 0x00007ffad94a4000 	C:\Windows\SYSTEM32\profapi.dll
0x00007ffad15a0000 - 0x00007ffad15b0000 	C:\Program Files\Android\Android Studio\jbr\bin\net.dll
0x00007ffacd470000 - 0x00007ffacd57d000 	C:\Windows\SYSTEM32\WINHTTP.dll
0x00007ffad8ce0000 - 0x00007ffad8d4a000 	C:\Windows\system32\mswsock.dll
0x00007ffaac990000 - 0x00007ffaac9a6000 	C:\Program Files\Android\Android Studio\jbr\bin\nio.dll
0x00007ffab4ea0000 - 0x00007ffab4eb0000 	C:\Program Files\Android\Android Studio\jbr\bin\verify.dll
0x00007ffab66e0000 - 0x00007ffab6707000 	C:\Users\DELL\.gradle\native\c067742578af261105cb4f569cf0c3c89f3d7b1fecec35dd04571415982c5e48\windows-amd64\native-platform.dll
0x00007ffa8a9e0000 - 0x00007ffa8ab24000 	C:\Users\DELL\.gradle\native\100fb08df4bc3b14c8652ba06237920a3bd2aa13389f12d3474272988ae205f9\windows-amd64\native-platform-file-events.dll
0x00007ffab4090000 - 0x00007ffab4099000 	C:\Program Files\Android\Android Studio\jbr\bin\management.dll
0x00007ffab3850000 - 0x00007ffab385b000 	C:\Program Files\Android\Android Studio\jbr\bin\management_ext.dll
0x00007ffada420000 - 0x00007ffada428000 	C:\Windows\System32\PSAPI.DLL
0x00007ffad8ed0000 - 0x00007ffad8ee8000 	C:\Windows\SYSTEM32\CRYPTSP.dll
0x00007ffad8550000 - 0x00007ffad8584000 	C:\Windows\system32\rsaenh.dll
0x00007ffad9440000 - 0x00007ffad946e000 	C:\Windows\SYSTEM32\USERENV.dll
0x00007ffad8ef0000 - 0x00007ffad8efc000 	C:\Windows\SYSTEM32\CRYPTBASE.dll
0x00007ffad8950000 - 0x00007ffad898b000 	C:\Windows\SYSTEM32\IPHLPAPI.DLL
0x00007ffada9e0000 - 0x00007ffada9e8000 	C:\Windows\System32\NSI.dll
0x00007ffab4960000 - 0x00007ffab4969000 	C:\Program Files\Android\Android Studio\jbr\bin\extnet.dll
0x00007ffad5a70000 - 0x00007ffad5a77000 	C:\Windows\system32\wshunix.dll

dbghelp: loaded successfully - version: 4.0.5 - missing functions: none
symbol engine: initialized successfully - sym options: 0x614 - pdb path: .;C:\Program Files\Android\Android Studio\jbr\bin;C:\Windows\SYSTEM32;C:\Windows\WinSxS\amd64_microsoft.windows.common-controls_6595b64144ccf1df_6.0.19041.4355_none_60b8b9eb71f62e16;C:\Program Files\Android\Android Studio\jbr\bin\server;C:\Users\DELL\.gradle\native\c067742578af261105cb4f569cf0c3c89f3d7b1fecec35dd04571415982c5e48\windows-amd64;C:\Users\DELL\.gradle\native\100fb08df4bc3b14c8652ba06237920a3bd2aa13389f12d3474272988ae205f9\windows-amd64

VM Arguments:
jvm_args: --add-opens=java.base/java.util=ALL-UNNAMED --add-opens=java.base/java.lang=ALL-UNNAMED --add-opens=java.base/java.lang.invoke=ALL-UNNAMED --add-opens=java.prefs/java.util.prefs=ALL-UNNAMED --add-exports=jdk.compiler/com.sun.tools.javac.api=ALL-UNNAMED --add-exports=jdk.compiler/com.sun.tools.javac.util=ALL-UNNAMED --add-opens=java.base/java.nio.charset=ALL-UNNAMED --add-opens=java.base/java.net=ALL-UNNAMED --add-opens=java.base/java.util.concurrent.atomic=ALL-UNNAMED -Xmx2048m -Dfile.encoding=UTF-8 -Duser.country=IN -Duser.language=en -Duser.variant -javaagent:C:\Users\DELL\.gradle\wrapper\dists\gradle-8.9-bin\90cnw93cvbtalezasaz0blq0a\gradle-8.9\lib\agents\gradle-instrumentation-agent-8.9.jar 
java_command: org.gradle.launcher.daemon.bootstrap.GradleDaemon 8.9
java_class_path (initial): C:\Users\DELL\.gradle\wrapper\dists\gradle-8.9-bin\90cnw93cvbtalezasaz0blq0a\gradle-8.9\lib\gradle-daemon-main-8.9.jar
Launcher Type: SUN_STANDARD

[Global flags]
     intx CICompilerCount                          = 3                                         {product} {ergonomic}
     uint ConcGCThreads                            = 1                                         {product} {ergonomic}
     uint G1ConcRefinementThreads                  = 4                                         {product} {ergonomic}
   size_t G1HeapRegionSize                         = 1048576                                   {product} {ergonomic}
    uintx GCDrainStackTargetSize                   = 64                                        {product} {ergonomic}
   size_t InitialHeapSize                          = 65011712                                  {product} {ergonomic}
   size_t MarkStackSize                            = 4194304                                   {product} {ergonomic}
   size_t MaxHeapSize                              = 2147483648                                {product} {command line}
   size_t MaxNewSize                               = 1287651328                                {product} {ergonomic}
   size_t MinHeapDeltaBytes                        = 1048576                                   {product} {ergonomic}
   size_t MinHeapSize                              = 8388608                                   {product} {ergonomic}
    uintx NonNMethodCodeHeapSize                   = 5832780                                {pd product} {ergonomic}
    uintx NonProfiledCodeHeapSize                  = 122912730                              {pd product} {ergonomic}
    uintx ProfiledCodeHeapSize                     = 122912730                              {pd product} {ergonomic}
    uintx ReservedCodeCacheSize                    = 251658240                              {pd product} {ergonomic}
     bool SegmentedCodeCache                       = true                                      {product} {ergonomic}
   size_t SoftMaxHeapSize                          = 2147483648                             {manageable} {ergonomic}
     bool UseCompressedOops                        = true                           {product lp64_product} {ergonomic}
     bool UseG1GC                                  = true                                      {product} {ergonomic}
     bool UseLargePagesIndividualAllocation        = false                                  {pd product} {ergonomic}

Logging:
Log output configuration:
 #0: stdout all=warning uptime,level,tags foldmultilines=false
 #1: stderr all=off uptime,level,tags foldmultilines=false

Environment Variables:
PATH=C:\oraclexe\app\oracle\product\10.2.0\server\bin;C:\Program Files\Common Files\Oracle\Java\javapath;C:\Windows\system32;C:\Windows;C:\Windows\System32\Wbem;C:\Windows\System32\WindowsPowerShell\v1.0\;C:\Windows\System32\OpenSSH\;C:\Program Files\Microsoft VS Code\bin;C:\Program Files\dotnet\;C:\Program Files (x86)\MATLAB\R2009b\runtime\win32;C:\Program Files (x86)\MATLAB\R2009b\bin;C:\Program Files\Java\jdk1.8.0_202\bin;C:\MinGW\bin;C:\Program Files\nodejs\;C:\scrcpy;C:\Program Files\Git\cmd;C:\Program Files\MySQL\MySQL Shell 8.0\bin\;C:\Users\DELL\AppData\Local\Programs\Python\Python311\Scripts\;C:\Users\DELL\AppData\Local\Programs\Python\Python311\;C:\Users\DELL\AppData\Local\Microsoft\WindowsApps;C:\MinGW\bin;C:\Program Files\Java\jdk1.8.0_202\bin catalina.jarC:\Program Files\Apache Software Foundation\Tomcat 9.0;C:\Users\DELL\AppData\Local\Programs\Hyper\resources\bin;C:\Users\DELL\AppData\Roaming\npm;C:\Users\DELL\AppData\Local\spicetify;C:\Users\DELL\AppData\Local\Programs\Microsoft VS Code\bin;C:\Users\DELL\AppData\Local\GitHubDesktop\bin
USERNAME=DELL
OS=Windows_NT
PROCESSOR_IDENTIFIER=Intel64 Family 6 Model 142 Stepping 10, GenuineIntel
TMP=C:\Users\DELL\AppData\Local\Temp
TEMP=C:\Users\DELL\AppData\Local\Temp




Periodic native trim disabled

JNI global refs:
JNI global refs: 25, weak refs: 1

JNI global refs memory usage: 835, weak refs: 833

Process memory usage:
Resident Set Size: 222692K (5% of 4055904K total physical memory with 101640K free physical memory)

OOME stack traces (most recent first):
Classloader memory used:
Loader org.gradle.internal.classloader.VisitableURLClassLoader                         : 25568K
Loader bootstrap                                                                       : 21941K
Loader org.gradle.initialization.MixInLegacyTypesClassLoader                           : 6371K
Loader org.gradle.internal.classloader.VisitableURLClassLoader                         : 715K
Loader jdk.internal.loader.ClassLoaders$PlatformClassLoader                            : 518K
Loader jdk.internal.loader.ClassLoaders$AppClassLoader                                 : 230K
Loader jdk.internal.reflect.DelegatingClassLoader                                      : 157K
Loader org.gradle.groovy.scripts.internal.DefaultScriptCompilationHandler$ScriptClassLoader: 41600B
Loader org.codehaus.groovy.runtime.callsite.CallSiteClassLoader                        : 7184B

Classes loaded by more than one classloader:
Class org.gradle.api.GradleException                                                  : loaded 3 times (x 79B)
Class org.gradle.internal.classloader.ClassLoaderHierarchy                            : loaded 2 times (x 67B)
Class org.gradle.api.internal.classpath.ManifestUtil                                  : loaded 2 times (x 68B)
Class org.gradle.internal.operations.MultipleBuildOperationFailures                   : loaded 2 times (x 92B)
Class org.gradle.internal.classloader.DefaultClassLoaderFactory                       : loaded 2 times (x 79B)
Class kotlin.collections.AbstractList$Companion                                       : loaded 2 times (x 68B)
Class org.gradle.internal.classloader.ClassLoaderVisitor                              : loaded 2 times (x 73B)
Class org.gradle.api.internal.classpath.EffectiveClassPath                            : loaded 2 times (x 87B)
Class org.gradle.api.internal.DefaultClassPathProvider                                : loaded 2 times (x 73B)
Class [Lorg.gradle.api.internal.ClassPathProvider;                                    : loaded 2 times (x 66B)
Class org.gradle.api.internal.ClassPathProvider                                       : loaded 2 times (x 67B)
Class org.gradle.internal.service.UnknownServiceException                             : loaded 2 times (x 80B)
Class org.gradle.internal.classpath.TransformedClassPath                              : loaded 2 times (x 93B)
Class kotlin.enums.EnumEntriesList                                                    : loaded 2 times (x 220B)
Class org.gradle.internal.service.ServiceLocator                                      : loaded 2 times (x 67B)
Class org.gradle.internal.InternalTransformer                                         : loaded 2 times (x 67B)
Class org.gradle.internal.time.DefaultTimer                                           : loaded 2 times (x 77B)
Class org.gradle.internal.classloader.ClasspathUtil$1                                 : loaded 2 times (x 73B)
Class org.gradle.api.internal.classpath.DefaultModuleRegistry$DefaultModule           : loaded 2 times (x 83B)
Class org.gradle.internal.time.DefaultCountdownTimer                                  : loaded 2 times (x 85B)
Class kotlin.Function                                                                 : loaded 2 times (x 67B)
Class org.gradle.api.internal.classpath.Module                                        : loaded 2 times (x 67B)
Class org.gradle.api.internal.classpath.UnknownModuleException                        : loaded 2 times (x 79B)
Class org.gradle.api.internal.DefaultClassPathRegistry                                : loaded 2 times (x 73B)
Class org.gradle.api.internal.ClassPathRegistry                                       : loaded 2 times (x 67B)
Class org.gradle.internal.classpath.DefaultClassPath$ImmutableUniqueList              : loaded 2 times (x 196B)
Class org.gradle.internal.classpath.ClassPath                                         : loaded 2 times (x 67B)
Class org.gradle.api.UncheckedIOException                                             : loaded 2 times (x 79B)
Class kotlin.UninitializedPropertyAccessException                                     : loaded 2 times (x 79B)
Class sync_studio_tooling_4rz3mvdomm1wfrn137mduim0y                                   : loaded 2 times (x 176B)
Class org.gradle.internal.installation.GradleInstallation$1                           : loaded 2 times (x 72B)
Class org.gradle.api.internal.classpath.ModuleRegistry                                : loaded 2 times (x 67B)
Class org.gradle.api.internal.classpath.DefaultModuleRegistry                         : loaded 2 times (x 80B)
Class org.gradle.internal.time.MonotonicClock                                         : loaded 2 times (x 74B)
Class org.gradle.internal.service.ServiceLookupException                              : loaded 2 times (x 79B)
Class org.gradle.internal.classloader.ClassLoaderFactory                              : loaded 2 times (x 67B)
Class org.gradle.internal.service.CachingServiceLocator                               : loaded 2 times (x 79B)
Class org.gradle.internal.time.TimeSource                                             : loaded 2 times (x 67B)
Class kotlin.enums.EnumEntries                                                        : loaded 2 times (x 67B)
Class org.gradle.internal.exceptions.ResolutionProvider                               : loaded 2 times (x 67B)
Class org.gradle.internal.classloader.ClasspathUtil                                   : loaded 2 times (x 68B)
Class org.gradle.internal.time.TimeSource$1                                           : loaded 2 times (x 74B)
Class org.gradle.api.specs.Spec                                                       : loaded 2 times (x 67B)
Class org.gradle.internal.time.Clock                                                  : loaded 2 times (x 67B)
Class kotlin.collections.AbstractList                                                 : loaded 2 times (x 194B)
Class kotlin.collections.AbstractCollection                                           : loaded 2 times (x 114B)
Class org.gradle.internal.classloader.VisitableURLClassLoader$InstrumentingVisitableURLClassLoader: loaded 2 times (x 120B)
Class org.gradle.internal.classloader.VisitableURLClassLoader$Spec                    : loaded 2 times (x 71B)
Class org.gradle.internal.classpath.DefaultClassPath                                  : loaded 2 times (x 87B)
Class org.gradle.internal.classloader.ClassLoaderSpec                                 : loaded 2 times (x 68B)
Class org.gradle.internal.classloader.VisitableURLClassLoader                         : loaded 2 times (x 114B)
Class org.gradle.internal.Cast                                                        : loaded 2 times (x 68B)
Class org.gradle.api.Action                                                           : loaded 2 times (x 67B)
Class org.gradle.internal.agents.InstrumentingClassLoader                             : loaded 2 times (x 67B)
Class org.gradle.internal.classpath.DefaultClassPath$ImmutableUniqueList$Builder      : loaded 2 times (x 72B)
Class org.gradle.internal.classloader.FilteringClassLoader                            : loaded 2 times (x 102B)
Class org.gradle.internal.exceptions.NonGradleCauseExceptionsHolder                   : loaded 2 times (x 67B)
Class kotlin.enums.EnumEntriesKt                                                      : loaded 2 times (x 68B)
Class org.gradle.internal.IoActions                                                   : loaded 2 times (x 68B)
Class org.gradle.internal.classloader.SystemClassLoaderSpec                           : loaded 2 times (x 68B)
Class org.gradle.internal.exceptions.MultiCauseException                              : loaded 2 times (x 67B)
Class org.gradle.internal.time.CountdownTimer                                         : loaded 2 times (x 67B)
Class kotlin.jvm.internal.Intrinsics                                                  : loaded 2 times (x 68B)
Class org.gradle.tooling.model.ProjectModel                                           : loaded 2 times (x 67B)
Class kotlin.KotlinNullPointerException                                               : loaded 2 times (x 80B)
Class org.gradle.internal.exceptions.DefaultMultiCauseException                       : loaded 2 times (x 92B)
Class org.gradle.internal.time.Time                                                   : loaded 2 times (x 68B)
Class org.gradle.internal.time.Timer                                                  : loaded 2 times (x 67B)
Class kotlin.jvm.internal.markers.KMappedMarker                                       : loaded 2 times (x 67B)
Class org.gradle.internal.installation.CurrentGradleInstallationLocator               : loaded 2 times (x 68B)
Class org.gradle.internal.service.DefaultServiceLocator                               : loaded 2 times (x 80B)
Class org.gradle.util.GradleVersion                                                   : loaded 2 times (x 80B)
Class org.gradle.internal.installation.CurrentGradleInstallation                      : loaded 2 times (x 70B)
Class org.gradle.util.internal.GUtil                                                  : loaded 2 times (x 68B)
Class org.gradle.internal.installation.GradleInstallation                             : loaded 2 times (x 72B)

---------------  S Y S T E M  ---------------

OS:
 Windows 10 , 64 bit Build 19041 (10.0.19041.5072)
OS uptime: 0 days 20:53 hours
Hyper-V role detected

CPU: total 4 (initial active 4) (2 cores per cpu, 2 threads per core) family 6 model 142 stepping 10 microcode 0xca, cx8, cmov, fxsr, ht, mmx, 3dnowpref, sse, sse2, sse3, ssse3, sse4.1, sse4.2, popcnt, lzcnt, tsc, tscinvbit, avx, avx2, aes, erms, clmul, bmi1, bmi2, adx, fma, vzeroupper, clflush, clflushopt, hv, rdtscp, f16c
Processor Information for all 4 processors :
  Max Mhz: 2304, Current Mhz: 2304, Mhz Limit: 2304

Memory: 4k page, system-wide physical 3960M (95M free)
TotalPageFile size 13056M (AvailPageFile size 3M)
current process WorkingSet (physical memory assigned to process): 217M, peak: 217M
current process commit charge ("private bytes"): 283M, peak: 286M

vm_info: OpenJDK 64-Bit Server VM (21.0.3+-12282718-b509.11) for windows-amd64 JRE (21.0.3+-12282718-b509.11), built on 2024-08-27T17:34:15Z by "builder" with MS VC++ 16.10 / 16.11 (VS2019)

END.
